<?xml version="1.0" encoding="UTF-8"?>
<!-- Generated by org.testng.reporters.JUnitReportReporter -->
<testsuite hostname="DESKTOP-JL2JFR8" failures="0" tests="2" name="testcases.BeforeAfterMethodAnnotation" time="0.026" errors="0" timestamp="2023-12-05T11:09:04 IST" skipped="0">
  <testcase classname="testcases.BeforeAfterMethodAnnotation" name="methodtwo" time="0.004"/>
  <system-out/>
  <testcase classname="testcases.BeforeAfterMethodAnnotation" name="methodone" time="0.022"/>
  <system-out/>
</testsuite> <!-- testcases.BeforeAfterMethodAnnotation -->
