<?xml version="1.0" encoding="UTF-8"?>
<!-- Generated by org.testng.reporters.JUnitReportReporter -->
<testsuite hostname="DESKTOP-JL2JFR8" failures="0" tests="1" name="testcases.BeforeAfterClass" time="0.007" errors="0" timestamp="2023-12-05T11:36:33 IST" skipped="0">
  <testcase classname="testcases.BeforeAfterClass" name="methodone" time="0.007"/>
  <system-out/>
</testsuite> <!-- testcases.BeforeAfterClass -->
