<?xml version="1.0" encoding="UTF-8"?>
<!-- Generated by org.testng.reporters.JUnitReportReporter -->
<testsuite hostname="DESKTOP-JL2JFR8" failures="0" tests="2" name="testcases.Priority" time="0.020" errors="0" timestamp="2023-12-05T11:45:01 IST" skipped="0">
  <testcase classname="testcases.Priority" name="b" time="0.015"/>
  <system-out/>
  <testcase classname="testcases.Priority" name="a" time="0.005"/>
  <system-out/>
</testsuite> <!-- testcases.Priority -->
