<?xml version="1.0" encoding="UTF-8"?>
<!-- Generated by org.testng.reporters.JUnitReportReporter -->
<testsuite hostname="DESKTOP-JL2JFR8" failures="0" tests="1" name="testcases.EnabledAnnotation" time="0.015" errors="0" timestamp="2023-12-05T11:53:11 IST" skipped="0">
  <testcase classname="testcases.EnabledAnnotation" name="a" time="0.015"/>
  <system-out/>
</testsuite> <!-- testcases.EnabledAnnotation -->
