<?xml version="1.0" encoding="UTF-8"?>
<!-- Generated by org.testng.reporters.JUnitReportReporter -->
<testsuite hostname="DESKTOP-JL2JFR8" failures="0" tests="3" name="testcases.PriorityByAlphabet" time="0.029" errors="0" timestamp="2023-12-05T11:49:54 IST" skipped="0">
  <testcase classname="testcases.PriorityByAlphabet" name="b" time="0.020"/>
  <system-out/>
  <testcase classname="testcases.PriorityByAlphabet" name="c" time="0.005"/>
  <system-out/>
  <testcase classname="testcases.PriorityByAlphabet" name="a" time="0.004"/>
  <system-out/>
</testsuite> <!-- testcases.PriorityByAlphabet -->
