<?xml version="1.0" encoding="UTF-8"?>
<!-- Generated by org.testng.reporters.JUnitReportReporter -->
<testsuite hostname="DESKTOP-JL2JFR8" failures="0" tests="2" name="testcases.DependsOnMethod" time="0.013" errors="0" timestamp="2023-12-05T15:07:17 IST" skipped="0">
  <testcase classname="testcases.DependsOnMethod" name="Zlaunch" time="0.011"/>
  <system-out/>
  <testcase classname="testcases.DependsOnMethod" name="product" time="0.002"/>
  <system-out/>
</testsuite> <!-- testcases.DependsOnMethod -->
